[debug] [2023-09-20T16:19:47.657Z] ----------------------------------------------------------------------
[debug] [2023-09-20T16:19:47.659Z] Command:       /usr/local/bin/node /usr/local/bin/firebase init
[debug] [2023-09-20T16:19:47.660Z] CLI Version:   12.5.4
[debug] [2023-09-20T16:19:47.660Z] Platform:      darwin
[debug] [2023-09-20T16:19:47.660Z] Node Version:  v18.15.0
[debug] [2023-09-20T16:19:47.670Z] Time:          Wed Sep 20 2023 12:19:47 GMT-0400 (Eastern Daylight Time)
[debug] [2023-09-20T16:19:47.670Z] ----------------------------------------------------------------------
[debug] 
[debug] [2023-09-20T16:19:47.676Z] > command requires scopes: ["email","openid","https://www.googleapis.com/auth/cloudplatformprojects.readonly","https://www.googleapis.com/auth/firebase","https://www.googleapis.com/auth/cloud-platform"]
[debug] [2023-09-20T16:19:47.677Z] > authorizing via signed-in user (cwterry314@gmail.com)
[info] 
     ######## #### ########  ######## ########     ###     ######  ########
     ##        ##  ##     ## ##       ##     ##  ##   ##  ##       ##
     ######    ##  ########  ######   ########  #########  ######  ######
     ##        ##  ##    ##  ##       ##     ## ##     ##       ## ##
     ##       #### ##     ## ######## ########  ##     ##  ######  ########

You're about to initialize a Firebase project in this directory:

  /Users/cameronterry/Desktop/PROJECTS/DreamLeagueTeamBuilder

[info] 
=== Project Setup
[info] 
[info] First, let's associate this project directory with a Firebase project.
[info] You can create multiple project aliases by running firebase use --add, 
[info] but for now we'll just set up a default project.
[info] 
[debug] [2023-09-20T16:20:25.600Z] >>> [apiv2][query] GET https://firebase.googleapis.com/v1beta1/projects pageSize=100
[debug] [2023-09-20T16:20:26.203Z] <<< [apiv2][status] GET https://firebase.googleapis.com/v1beta1/projects 200
[debug] [2023-09-20T16:20:26.204Z] <<< [apiv2][body] GET https://firebase.googleapis.com/v1beta1/projects [omitted]
[info] i  Using project dream-league-2023-teambuilder (dream-league-2023-teambuilder) 
[info] 
=== Firestore Setup
[debug] [2023-09-20T16:20:29.568Z] >>> [apiv2][query] GET https://serviceusage.googleapis.com/v1/projects/dream-league-2023-teambuilder/services/firestore.googleapis.com [none]
[debug] [2023-09-20T16:20:29.568Z] >>> [apiv2][(partial)header] GET https://serviceusage.googleapis.com/v1/projects/dream-league-2023-teambuilder/services/firestore.googleapis.com x-goog-quota-user=projects/dream-league-2023-teambuilder
[debug] [2023-09-20T16:20:29.967Z] <<< [apiv2][status] GET https://serviceusage.googleapis.com/v1/projects/dream-league-2023-teambuilder/services/firestore.googleapis.com 200
[debug] [2023-09-20T16:20:29.967Z] <<< [apiv2][body] GET https://serviceusage.googleapis.com/v1/projects/dream-league-2023-teambuilder/services/firestore.googleapis.com [omitted]
[debug] [2023-09-20T16:20:29.967Z] >>> [apiv2][query] GET https://firestore.googleapis.com/v1/projects/dream-league-2023-teambuilder/databases/(default) [none]
[debug] [2023-09-20T16:20:30.208Z] <<< [apiv2][status] GET https://firestore.googleapis.com/v1/projects/dream-league-2023-teambuilder/databases/(default) 200
[debug] [2023-09-20T16:20:30.208Z] <<< [apiv2][body] GET https://firestore.googleapis.com/v1/projects/dream-league-2023-teambuilder/databases/(default) {"name":"projects/dream-league-2023-teambuilder/databases/(default)","uid":"4dc826c4-b7ac-45f3-ab4f-8900106fa01d","createTime":"2023-09-20T16:18:29.600712Z","updateTime":"2023-09-20T16:18:29.600712Z","locationId":"nam5","type":"FIRESTORE_NATIVE","concurrencyMode":"PESSIMISTIC","versionRetentionPeriod":"3600s","earliestVersionTime":"2023-09-20T16:18:29.600712Z","appEngineIntegrationMode":"DISABLED","keyPrefix":"s","pointInTimeRecoveryEnablement":"POINT_IN_TIME_RECOVERY_DISABLED","deleteProtectionState":"DELETE_PROTECTION_DISABLED","etag":"IL7ipojMuYEDMMjT287LuYED"}
[debug] [2023-09-20T16:20:30.208Z] database_type: FIRESTORE_NATIVE
[debug] [2023-09-20T16:20:30.208Z] > command requires scopes: ["email","openid","https://www.googleapis.com/auth/cloudplatformprojects.readonly","https://www.googleapis.com/auth/firebase","https://www.googleapis.com/auth/cloud-platform"]
[debug] [2023-09-20T16:20:30.209Z] > authorizing via signed-in user (cwterry314@gmail.com)
[debug] [2023-09-20T16:20:30.209Z] [iam] checking project dream-league-2023-teambuilder for permissions ["firebase.projects.get"]
[debug] [2023-09-20T16:20:30.209Z] >>> [apiv2][query] POST https://cloudresourcemanager.googleapis.com/v1/projects/dream-league-2023-teambuilder:testIamPermissions [none]
[debug] [2023-09-20T16:20:30.209Z] >>> [apiv2][(partial)header] POST https://cloudresourcemanager.googleapis.com/v1/projects/dream-league-2023-teambuilder:testIamPermissions x-goog-quota-user=projects/dream-league-2023-teambuilder
[debug] [2023-09-20T16:20:30.209Z] >>> [apiv2][body] POST https://cloudresourcemanager.googleapis.com/v1/projects/dream-league-2023-teambuilder:testIamPermissions {"permissions":["firebase.projects.get"]}
[debug] [2023-09-20T16:20:30.544Z] <<< [apiv2][status] POST https://cloudresourcemanager.googleapis.com/v1/projects/dream-league-2023-teambuilder:testIamPermissions 200
[debug] [2023-09-20T16:20:30.544Z] <<< [apiv2][body] POST https://cloudresourcemanager.googleapis.com/v1/projects/dream-league-2023-teambuilder:testIamPermissions {"permissions":["firebase.projects.get"]}
[info] 
[info] Firestore Security Rules allow you to define how and when to allow
[info] requests. You can keep these rules in your project directory
[info] and publish them with firebase deploy.
[info] 
[debug] [2023-09-20T16:20:43.049Z] >>> [apiv2][query] GET https://firebaserules.googleapis.com/v1/projects/dream-league-2023-teambuilder/releases pageSize=10&pageToken=
[debug] [2023-09-20T16:20:43.328Z] <<< [apiv2][status] GET https://firebaserules.googleapis.com/v1/projects/dream-league-2023-teambuilder/releases 200
[debug] [2023-09-20T16:20:43.329Z] <<< [apiv2][body] GET https://firebaserules.googleapis.com/v1/projects/dream-league-2023-teambuilder/releases {"releases":[{"name":"projects/dream-league-2023-teambuilder/releases/cloud.firestore","rulesetName":"projects/dream-league-2023-teambuilder/rulesets/79a1acea-6499-4e0f-8e8d-7272d0150498","createTime":"2023-09-20T16:18:33.886142Z","updateTime":"2023-09-20T16:18:33.886142Z"}]}
[debug] [2023-09-20T16:20:43.329Z] Found ruleset: projects/dream-league-2023-teambuilder/rulesets/79a1acea-6499-4e0f-8e8d-7272d0150498
[debug] [2023-09-20T16:20:43.329Z] >>> [apiv2][query] GET https://firebaserules.googleapis.com/v1/projects/dream-league-2023-teambuilder/rulesets/79a1acea-6499-4e0f-8e8d-7272d0150498 [none]
[debug] [2023-09-20T16:20:43.698Z] <<< [apiv2][status] GET https://firebaserules.googleapis.com/v1/projects/dream-league-2023-teambuilder/rulesets/79a1acea-6499-4e0f-8e8d-7272d0150498 200
[debug] [2023-09-20T16:20:43.699Z] <<< [apiv2][body] GET https://firebaserules.googleapis.com/v1/projects/dream-league-2023-teambuilder/rulesets/79a1acea-6499-4e0f-8e8d-7272d0150498 [omitted]
[info] 
[info] Firestore indexes allow you to perform complex queries while
[info] maintaining performance that scales with the size of the result
[info] set. You can keep index definitions in your project directory
[info] and publish them with firebase deploy.
[info] 
[debug] [2023-09-20T16:20:47.187Z] >>> [apiv2][query] GET https://firestore.googleapis.com/v1/projects/dream-league-2023-teambuilder/databases/(default)/collectionGroups/-/indexes [none]
[debug] [2023-09-20T16:20:47.189Z] >>> [apiv2][query] GET https://firestore.googleapis.com/v1/projects/dream-league-2023-teambuilder/databases/(default)/collectionGroups/-/fields?filter=indexConfig.usesAncestorConfig=false OR ttlConfig:* [none]
[debug] [2023-09-20T16:20:47.417Z] <<< [apiv2][status] GET https://firestore.googleapis.com/v1/projects/dream-league-2023-teambuilder/databases/(default)/collectionGroups/-/indexes 200
[debug] [2023-09-20T16:20:47.417Z] <<< [apiv2][body] GET https://firestore.googleapis.com/v1/projects/dream-league-2023-teambuilder/databases/(default)/collectionGroups/-/indexes {}
[debug] [2023-09-20T16:20:47.941Z] <<< [apiv2][status] GET https://firestore.googleapis.com/v1/projects/dream-league-2023-teambuilder/databases/(default)/collectionGroups/-/fields?filter=indexConfig.usesAncestorConfig=false OR ttlConfig:* 200
[debug] [2023-09-20T16:20:47.941Z] <<< [apiv2][body] GET https://firestore.googleapis.com/v1/projects/dream-league-2023-teambuilder/databases/(default)/collectionGroups/-/fields?filter=indexConfig.usesAncestorConfig=false OR ttlConfig:* {"fields":[{"name":"projects/dream-league-2023-teambuilder/databases/(default)/collectionGroups/__default__/fields/*","indexConfig":{"indexes":[{"queryScope":"COLLECTION","fields":[{"fieldPath":"*","order":"ASCENDING"}],"state":"READY"},{"queryScope":"COLLECTION","fields":[{"fieldPath":"*","order":"DESCENDING"}],"state":"READY"},{"queryScope":"COLLECTION","fields":[{"fieldPath":"*","arrayConfig":"CONTAINS"}],"state":"READY"}]}}]}
[info] 
=== Hosting Setup
[info] 
[info] Your public directory is the folder (relative to your project directory) that
[info] will contain Hosting assets to be uploaded with firebase deploy. If you
[info] have a build process for your assets, use your build's output directory.
[info] 
[debug] [2023-09-20T16:21:22.926Z] >>> [apiv2][query] GET https://www.gstatic.com/firebasejs/releases.json [none]
[debug] [2023-09-20T16:21:23.109Z] <<< [apiv2][status] GET https://www.gstatic.com/firebasejs/releases.json 200
[debug] [2023-09-20T16:21:23.109Z] <<< [apiv2][body] GET https://www.gstatic.com/firebasejs/releases.json {"current":{"version":"10.4.0","browserURL":"https://www.gstatic.com/firebasejs/10.4.0/firebase.js","packageURL":"https://www.gstatic.com/firebasejs/10.4.0/firebase.tgz"},"live":{"version":"10.4","browserURL":"https://www.gstatic.com/firebasejs/live/10.4/firebase.js","packageURL":"https://www.gstatic.com/firebasejs/live/10.4/firebase.tgz"},"components":{"analytics":"https://www.gstatic.com/firebasejs/10.4.0/firebase-analytics.js","app":"https://www.gstatic.com/firebasejs/10.4.0/firebase-app.js","app-check":"https://www.gstatic.com/firebasejs/10.4.0/firebase-app-check.js","auth":"https://www.gstatic.com/firebasejs/10.4.0/firebase-auth.js","auth/cordova":"https://www.gstatic.com/firebasejs/10.4.0/firebase-auth/cordova.js","functions":"https://www.gstatic.com/firebasejs/10.4.0/firebase-functions.js","firestore":"https://www.gstatic.com/firebasejs/10.4.0/firebase-firestore.js","firestore/lite":"https://www.gstatic.com/firebasejs/10.4.0/firebase-firestore/lite.js","installations":"https://www.gstatic.com/firebasejs/10.4.0/firebase-installations.js","storage":"https://www.gstatic.com/firebasejs/10.4.0/firebase-storage.js","performance":"https://www.gstatic.com/firebasejs/10.4.0/firebase-performance.js","remote-config":"https://www.gstatic.com/firebasejs/10.4.0/firebase-remote-config.js","messaging":"https://www.gstatic.com/firebasejs/10.4.0/firebase-messaging.js","messaging/sw":"https://www.gstatic.com/firebasejs/10.4.0/firebase-messaging/sw.js","database":"https://www.gstatic.com/firebasejs/10.4.0/firebase-database.js","firestore.memory":"https://www.gstatic.com/firebasejs/10.4.0/firebase-firestore.memory.js"}}
[info] ✔  Wrote public/index.html 
[info] 
[info] i  Detected a .git folder at /Users/cameronterry/Desktop/PROJECTS/DreamLeagueTeamBuilder 
[info] i  Authorizing with GitHub to upload your service account to a GitHub repository's secrets store. 
[info] 
[info] Visit this URL on this device to log in:
[info] https://github.com/login/oauth/authorize?client_id=89cf50f02ac6aaed3484&state=201887236&redirect_uri=http%3A%2F%2Flocalhost%3A9005&scope=read%3Auser%20repo%20public_repo
[info] 
[info] Waiting for authentication...
[debug] [2023-09-20T16:21:31.437Z] >>> [apiv2][query] POST https://github.com/login/oauth/access_token [none]
[debug] [2023-09-20T16:21:31.437Z] >>> [apiv2][body] POST https://github.com/login/oauth/access_token [stream]
[debug] [2023-09-20T16:21:31.809Z] <<< [apiv2][status] POST https://github.com/login/oauth/access_token 200
[debug] [2023-09-20T16:21:31.809Z] <<< [apiv2][body] POST https://github.com/login/oauth/access_token {"access_token":"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","token_type":"bearer","scope":"read:user,repo"}
[debug] [2023-09-20T16:21:31.815Z] >>> [apiv2][query] GET https://api.github.com/user [none]
[debug] [2023-09-20T16:21:32.070Z] <<< [apiv2][status] GET https://api.github.com/user 200
[debug] [2023-09-20T16:21:32.070Z] <<< [apiv2][body] GET https://api.github.com/user {"login":"cameron-terry","id":19367078,"node_id":"MDQ6VXNlcjE5MzY3MDc4","avatar_url":"https://avatars.githubusercontent.com/u/19367078?v=4","gravatar_id":"","url":"https://api.github.com/users/cameron-terry","html_url":"https://github.com/cameron-terry","followers_url":"https://api.github.com/users/cameron-terry/followers","following_url":"https://api.github.com/users/cameron-terry/following{/other_user}","gists_url":"https://api.github.com/users/cameron-terry/gists{/gist_id}","starred_url":"https://api.github.com/users/cameron-terry/starred{/owner}{/repo}","subscriptions_url":"https://api.github.com/users/cameron-terry/subscriptions","organizations_url":"https://api.github.com/users/cameron-terry/orgs","repos_url":"https://api.github.com/users/cameron-terry/repos","events_url":"https://api.github.com/users/cameron-terry/events{/privacy}","received_events_url":"https://api.github.com/users/cameron-terry/received_events","type":"User","site_admin":false,"name":"Cameron Terry","company":null,"blog":"","location":"New York, NY","email":"cwterry314@gmail.com","hireable":null,"bio":"I make stuff and I like music, math & chess","twitter_username":null,"public_repos":14,"public_gists":0,"followers":0,"following":0,"created_at":"2016-05-15T00:03:26Z","updated_at":"2023-08-31T14:18:01Z","private_gists":0,"total_private_repos":0,"owned_private_repos":0,"disk_usage":37070,"collaborators":0,"two_factor_authentication":false,"plan":{"name":"free","space":976562499,"collaborators":0,"private_repos":10000}}
[info] 
[info] ✔  Success! Logged into GitHub as cameron-terry 
[info] 
